[debug] [2023-05-20T17:36:07.021Z] ----------------------------------------------------------------------
[debug] [2023-05-20T17:36:07.023Z] Command:       C:\Program Files\nodejs\node.exe C:\Users\MEHEDI\AppData\Roaming\npm\node_modules\firebase-tools\lib\bin\firebase.js init
[debug] [2023-05-20T17:36:07.023Z] CLI Version:   11.29.1
[debug] [2023-05-20T17:36:07.024Z] Platform:      win32
[debug] [2023-05-20T17:36:07.024Z] Node Version:  v18.14.0
[debug] [2023-05-20T17:36:07.030Z] Time:          Sat May 20 2023 23:36:07 GMT+0600 (Bangladesh Standard Time)
[debug] [2023-05-20T17:36:07.030Z] ----------------------------------------------------------------------
[debug] 
[debug] [2023-05-20T17:36:07.033Z] >>> [apiv2][query] GET https://firebase-public.firebaseio.com/cli.json [none]
[debug] [2023-05-20T17:36:07.080Z] > command requires scopes: ["email","openid","https://www.googleapis.com/auth/cloudplatformprojects.readonly","https://www.googleapis.com/auth/firebase","https://www.googleapis.com/auth/cloud-platform"]
[debug] [2023-05-20T17:36:07.080Z] > authorizing via signed-in user (tanjildewan10@gmail.com)
[info] 
     ######## #### ########  ######## ########     ###     ######  ########
     ##        ##  ##     ## ##       ##     ##  ##   ##  ##       ##
     ######    ##  ########  ######   ########  #########  ######  ######
     ##        ##  ##    ##  ##       ##     ## ##     ##       ## ##
     ##       #### ##     ## ######## ########  ##     ##  ######  ########

You're about to initialize a Firebase project in this directory:

  C:\Users\MEHEDI\Documents\React.js\Toyes-house-server

[debug] [2023-05-20T17:36:07.741Z] <<< [apiv2][status] GET https://firebase-public.firebaseio.com/cli.json 200
[debug] [2023-05-20T17:36:07.741Z] <<< [apiv2][body] GET https://firebase-public.firebaseio.com/cli.json {"cloudBuildErrorAfter":1594252800000,"cloudBuildWarnAfter":1590019200000,"defaultNode10After":1594252800000,"minVersion":"3.0.5","node8DeploysDisabledAfter":1613390400000,"node8RuntimeDisabledAfter":1615809600000,"node8WarnAfter":1600128000000}
[info] 
=== Project Setup
[info] 
[info] First, let's associate this project directory with a Firebase project.
[info] You can create multiple project aliases by running firebase use --add, 
[info] but for now we'll just set up a default project.
[info] 
[info] i  If you want to create a project in a Google Cloud organization or folder, please use "firebase projects:create" instead, and return to this command when you've created the project. 
